********************************************************************************
DUPLICATOR-LITE PACKAGE-LOG: 19 September 2021 16h13
NOTICE: Do NOT post to public sites or forums 
********************************************************************************
VERSION:	1.4.2
WORDPRESS:	5.7.2
PHP INFO:	7.4.20 | SAPI: apache2handler
SERVER:		Apache/2.4.38 (Debian) 
PHP TIME LIMIT: (0) no time limit imposed 
PHP MAX MEMORY: 4294967296 (128M default) 
MEMORY STACK: 2MB

********************************************************************************
DATABASE:
********************************************************************************
BUILD MODE:   PHP(query limit - 100)
MYSQLTIMEOUT: 5000
MYSQLDUMP:    Not Supported
TABLES: total:29 | filtered:0 | create:29
FILTERED: []
SQL CREATED: 20210902_cohesion_149418bcae6d58aa6193_20210919161326_database.sql
SQL FILE SIZE: 9.66MB (10130605)
SQL FILE TIME: 2021-09-19 16:13:44
SQL RUNTIME: 2.09 sec.

********************************************************************************
ARCHIVE (ZIP):
********************************************************************************
ARCHIVE DIR:  /var/www/html
ARCHIVE FILE: 20210902_cohesion_149418bcae6d58aa6193_20210919161326_archive.zip
FILTERS: *OFF*
DIRS:
	not set
FILES:
	not set
EXTS:  not set
----------------------------------------
COMPRESSING
SIZE:	146.3MB
STATS:	Dirs 1,166 | Files 5,894
SQL ADDED: 20210902_cohesion_149418bcae6d58aa6193_20210919161326_database.sql
ZipArchive Object
(
    [status] => 0
    [statusSys] => 0
    [numFiles] => 7060
    [filename] => /var/www/html/wp-content/backups-dup-lite/tmp/20210902_cohesion_149418bcae6d58aa6193_20210919161326_archive.zip
    [comment] => 
)

FILE ADDED TO ZIP: 7059
[PHP ERR][NOTICE] MSG:ob_flush(): failed to flush buffer. No buffer to flush [CODE:8|FILE:/var/www/html/wp-content/plugins/duplicator/classes/utilities/class.u.php|LINE:171]
do_action('wp_ajax_duplicator_package_build'), WP_Hook->do_action, WP_Hook->apply_filters, duplicator_package_build, DUP_Package->runZipBuild, DUP_Archive->build, DUP_Zip::create, DUP_Util::fcgiFlush, ob_flush, DUP_Handler::error, DUP_Handler::getMessage
COMPRESSION RESULT: '1'
COMPRESSED SIZE: 49.24MB
ARCHIVE RUNTIME: 97.85 sec.
MEMORY STACK: 4MB
building installer
add_extra_files1
add_extra_files2
add_extra_files3
add_extra_files4
Doing archive file check
add_extra_files5
add_extra_files6
add_extra_files8
Successfully opened zip /var/www/html/wp-content/backups-dup-lite/tmp/20210902_cohesion_149418bcae6d58aa6193_20210919161326_archive.zip
Adding enhanced installer files to archive using ZipArchive
Installer files added to archive
Added to archive
After ziparchive close when adding installer

********************************************************************************
INTEGRITY CHECKS:
********************************************************************************
SQL FILE: 9.66MB
INSTALLER FILE: 64.26KB
ARCHIVE FILE: 50.63MB 
COMPTE ATTENDU DE FICHIERS/RÉPERTOIRES : 7,060
COMPTE ACTUEL DE FICHIERS/RÉPERTOIRES : 7,059
TEST DE COHÉRENCE D’ARCHIVE : Bon

********************************************************************************
RECORD ID:[2]
TOTAL PROCESS RUNTIME: 118.84 sec.
PEAK PHP MEMORY USED: 14.06MB
DONE PROCESSING => 20210902_cohesion 19 September 2021 16h15

